Flow report for Mastermind
Wed Dec 15 15:05:27 2010
Quartus II Version 8.1 Build 163 10/28/2008 SJ Web Edition


---------------------
; Table of Contents ;
---------------------
  1. Legal Notice
  2. Flow Summary
  3. Flow Settings
  4. Flow Non-Default Global Settings
  5. Flow Elapsed Time
  6. Flow OS Summary
  7. Flow Log



----------------
; Legal Notice ;
----------------
Copyright (C) 1991-2008 Altera Corporation
Your use of Altera Corporation's design tools, logic functions 
and other software and tools, and its AMPP partner logic 
functions, and any output files from any of the foregoing 
(including device programming or simulation files), and any 
associated documentation or information are expressly subject 
to the terms and conditions of the Altera Program License 
Subscription Agreement, Altera MegaCore Function License 
Agreement, or other applicable license agreement, including, 
without limitation, that your use is for the sole purpose of 
programming logic devices manufactured by Altera and sold by 
Altera or its authorized distributors.  Please refer to the 
applicable agreement for further details.



+------------------------------------------------------------------------------+
; Flow Summary                                                                 ;
+------------------------------------+-----------------------------------------+
; Flow Status                        ; Successful - Wed Dec 15 15:05:27 2010   ;
; Quartus II Version                 ; 8.1 Build 163 10/28/2008 SJ Web Edition ;
; Revision Name                      ; Mastermind                              ;
; Top-level Entity Name              ; Mastermind                              ;
; Family                             ; Cyclone II                              ;
; Device                             ; EP2C70F896C6                            ;
; Timing Models                      ; Final                                   ;
; Met timing requirements            ; No                                      ;
; Total logic elements               ; 1,608 / 68,416 ( 2 % )                  ;
;     Total combinational functions  ; 1,322 / 68,416 ( 2 % )                  ;
;     Dedicated logic registers      ; 1,028 / 68,416 ( 2 % )                  ;
; Total registers                    ; 1044                                    ;
; Total pins                         ; 534 / 622 ( 86 % )                      ;
; Total virtual pins                 ; 0                                       ;
; Total memory bits                  ; 28,672 / 1,152,000 ( 2 % )              ;
; Embedded Multiplier 9-bit elements ; 0 / 300 ( 0 % )                         ;
; Total PLLs                         ; 1 / 4 ( 25 % )                          ;
+------------------------------------+-----------------------------------------+


+-----------------------------------------+
; Flow Settings                           ;
+-------------------+---------------------+
; Option            ; Setting             ;
+-------------------+---------------------+
; Start date & time ; 12/15/2010 15:04:16 ;
; Main task         ; Compilation         ;
; Revision Name     ; Mastermind          ;
+-------------------+---------------------+


+------------------------------------------------------------------------------------------------------------------+
; Flow Non-Default Global Settings                                                                                 ;
+------------------------------------+------------------------------+---------------+-------------+----------------+
; Assignment Name                    ; Value                        ; Default Value ; Entity Name ; Section Id     ;
+------------------------------------+------------------------------+---------------+-------------+----------------+
; COMPILER_SIGNATURE_ID              ; 152145431742.129242185530140 ; --            ; --          ; --             ;
; MAX_CORE_JUNCTION_TEMP             ; 85                           ; --            ; --          ; --             ;
; MIN_CORE_JUNCTION_TEMP             ; 0                            ; --            ; --          ; --             ;
; PARTITION_COLOR                    ; 16764057                     ; --            ; --          ; Top            ;
; PARTITION_NETLIST_TYPE             ; SOURCE                       ; --            ; --          ; Top            ;
; USE_GENERATED_PHYSICAL_CONSTRAINTS ; Off                          ; --            ; --          ; eda_blast_fpga ;
+------------------------------------+------------------------------+---------------+-------------+----------------+


+-----------------------------------------------------------------------------------------------------------------------------+
; Flow Elapsed Time                                                                                                           ;
+-------------------------+--------------+-------------------------+---------------------+------------------------------------+
; Module Name             ; Elapsed Time ; Average Processors Used ; Peak Virtual Memory ; Total CPU Time (on all processors) ;
+-------------------------+--------------+-------------------------+---------------------+------------------------------------+
; Analysis & Synthesis    ; 00:00:17     ; 1.0                     ; 230 MB              ; 00:00:14                           ;
; Fitter                  ; 00:00:37     ; 1.0                     ; 363 MB              ; 00:00:36                           ;
; Assembler               ; 00:00:09     ; 1.0                     ; 338 MB              ; 00:00:06                           ;
; Classic Timing Analyzer ; 00:00:02     ; 1.0                     ; 183 MB              ; 00:00:01                           ;
; Total                   ; 00:01:05     ; --                      ; --                  ; 00:00:57                           ;
+-------------------------+--------------+-------------------------+---------------------+------------------------------------+


+------------------------------------------------------------------------------------------+
; Flow OS Summary                                                                          ;
+-------------------------+------------------+---------------+------------+----------------+
; Module Name             ; Machine Hostname ; OS Name       ; OS Version ; Processor type ;
+-------------------------+------------------+---------------+------------+----------------+
; Analysis & Synthesis    ; ybmbp            ; Windows Vista ; 6.1        ; x86_64         ;
; Fitter                  ; ybmbp            ; Windows Vista ; 6.1        ; x86_64         ;
; Assembler               ; ybmbp            ; Windows Vista ; 6.1        ; x86_64         ;
; Classic Timing Analyzer ; ybmbp            ; Windows Vista ; 6.1        ; x86_64         ;
+-------------------------+------------------+---------------+------------+----------------+


------------
; Flow Log ;
------------
quartus_map --read_settings_files=on --write_settings_files=off Mastermind -c Mastermind
quartus_fit --read_settings_files=off --write_settings_files=off Mastermind -c Mastermind
quartus_asm --read_settings_files=off --write_settings_files=off Mastermind -c Mastermind
quartus_tan --read_settings_files=off --write_settings_files=off Mastermind -c Mastermind --timing_analysis_only



